<?xml version="1.0" encoding="UTF-8"?>
<!-- Generated by org.testng.reporters.JUnitReportReporter -->
<testsuite skipped="0" hostname="LAPTOP-LOG2SSBM" name="omg.AppTest" tests="1" failures="0" timestamp="23 Jul 2020 14:15:08 GMT" time="0.002" errors="0">
  <testcase name="testApp" time="0.002" classname="omg.AppTest"/>
</testsuite> <!-- omg.AppTest -->
