<?xml version="1.0" encoding="UTF-8"?>
<!-- Generated by org.testng.reporters.JUnitReportReporter -->
<testsuite skipped="0" hostname="LAPTOP-LOG2SSBM" name="omg.Fourthtest" tests="3" failures="0" timestamp="22 Jul 2020 13:11:06 GMT" time="0.013" errors="0">
  <testcase name="opi" time="0.002" classname="omg.Fourthtest"/>
  <testcase name="opi" time="0.009" classname="omg.Fourthtest"/>
  <testcase name="opi" time="0.002" classname="omg.Fourthtest"/>
</testsuite> <!-- omg.Fourthtest -->
