<?xml version="1.0" encoding="UTF-8"?>
<!-- Generated by org.testng.reporters.JUnitReportReporter -->
<testsuite skipped="0" hostname="LAPTOP-LOG2SSBM" name="omg.Fourthtest" tests="3" failures="0" timestamp="23 Jul 2020 14:27:30 GMT" time="0.009" errors="0">
  <testcase name="opi" time="0.001" classname="omg.Fourthtest"/>
  <testcase name="opi" time="0.000" classname="omg.Fourthtest"/>
  <testcase name="opi" time="0.008" classname="omg.Fourthtest"/>
</testsuite> <!-- omg.Fourthtest -->
