<?xml version="1.0" encoding="UTF-8"?>
<!-- Generated by org.testng.reporters.JUnitReportReporter -->
<testsuite skipped="3" hostname="LAPTOP-LOG2SSBM" name="omg.FirstTest" tests="5" failures="0" timestamp="23 Jul 2020 14:27:30 GMT" time="18.277" errors="0">
  <testcase name="oil" time="6.131" classname="omg.FirstTest"/>
  <testcase name="win" time="12.146" classname="omg.FirstTest"/>
  <testcase name="certi" classname="omg.FirstTest">
    <skipped/>
  </testcase> <!-- certi -->
  <testcase name="guio" classname="omg.FirstTest">
    <skipped/>
  </testcase> <!-- guio -->
  <testcase name="screen" classname="omg.FirstTest">
    <skipped/>
  </testcase> <!-- screen -->
</testsuite> <!-- omg.FirstTest -->
